<?xml version="1.0" encoding="UTF-8"?>
<!-- Generated by org.testng.reporters.JUnitXMLReporter -->
<testsuite ignored="0" hostname="DESKTOP-3B2RU83" failures="0" tests="3" name="Default test" time="7.268" errors="0" timestamp="11 Oct 2023 16:49:14 GMT">
  <testcase classname="Com.qa.Opencart.LoginPageTest.LoginPageTest" name="verifyLoginPageTest" time="0.051"/>
  <testcase classname="Com.qa.Opencart.LoginPageTest.LoginPageTest" name="verifyCurrentUrl" time="0.011"/>
  <testcase classname="Com.qa.Opencart.LoginPageTest.LoginPageTest" name="verifyForgotPasswordLinkDisplat" time="0.759"/>
</testsuite> <!-- Default test -->
